[debug] [2025-10-28T09:38:32.514Z] ----------------------------------------------------------------------
[debug] [2025-10-28T09:38:32.516Z] Command:       /Users/isabelle/.nvm/versions/node/v20.10.0/bin/node /Users/isabelle/.nvm/versions/node/v20.10.0/bin/firebase projects:list
[debug] [2025-10-28T09:38:32.516Z] CLI Version:   13.15.1
[debug] [2025-10-28T09:38:32.516Z] Platform:      darwin
[debug] [2025-10-28T09:38:32.516Z] Node Version:  v20.10.0
[debug] [2025-10-28T09:38:32.516Z] Time:          Tue Oct 28 2025 17:38:32 GMT+0800 (Singapore Standard Time)
[debug] [2025-10-28T09:38:32.516Z] ----------------------------------------------------------------------
[debug] 
[debug] [2025-10-28T09:38:32.518Z] >>> [apiv2][query] GET https://firebase-public.firebaseio.com/cli.json [none]
[debug] [2025-10-28T09:38:32.539Z] > command requires scopes: ["email","openid","https://www.googleapis.com/auth/cloudplatformprojects.readonly","https://www.googleapis.com/auth/firebase","https://www.googleapis.com/auth/cloud-platform"]
[debug] [2025-10-28T09:38:32.540Z] > authorizing via signed-in user (isabellegoh.2023@smu.edu.sg)
[debug] [2025-10-28T09:38:32.541Z] > refreshing access token with scopes: []
[debug] [2025-10-28T09:38:32.542Z] >>> [apiv2][query] POST https://www.googleapis.com/oauth2/v3/token [none]
[debug] [2025-10-28T09:38:32.542Z] >>> [apiv2][body] POST https://www.googleapis.com/oauth2/v3/token [omitted]
[debug] [2025-10-28T09:38:32.600Z] <<< [apiv2][status] POST https://www.googleapis.com/oauth2/v3/token 400
[debug] [2025-10-28T09:38:32.601Z] <<< [apiv2][body] POST https://www.googleapis.com/oauth2/v3/token [omitted]
[debug] [2025-10-28T09:38:32.601Z] >>> [apiv2][query] GET https://firebase.googleapis.com/v1beta1/projects pageSize=1000
[debug] [2025-10-28T09:38:32.719Z] <<< [apiv2][status] GET https://firebase.googleapis.com/v1beta1/projects 401
[debug] [2025-10-28T09:38:32.719Z] <<< [apiv2][body] GET https://firebase.googleapis.com/v1beta1/projects [omitted]
[debug] [2025-10-28T09:38:32.720Z] HTTP Error: 401, Request had invalid authentication credentials. Expected OAuth 2 access token, login cookie or other valid authentication credential. See https://developers.google.com/identity/sign-in/web/devconsole-project.
[debug] [2025-10-28T09:38:32.769Z] FirebaseError: HTTP Error: 401, Request had invalid authentication credentials. Expected OAuth 2 access token, login cookie or other valid authentication credential. See https://developers.google.com/identity/sign-in/web/devconsole-project.
    at responseToError (/Users/isabelle/.nvm/versions/node/v20.10.0/lib/node_modules/firebase-tools/lib/responseToError.js:49:12)
    at RetryOperation._fn (/Users/isabelle/.nvm/versions/node/v20.10.0/lib/node_modules/firebase-tools/lib/apiv2.js:305:77)
    at process.processTicksAndRejections (node:internal/process/task_queues:95:5)
[error] 
[error] Error: Failed to list Firebase projects. See firebase-debug.log for more info.
[debug] [2025-10-28T09:38:32.997Z] <<< [apiv2][status] GET https://firebase-public.firebaseio.com/cli.json 200
[debug] [2025-10-28T09:38:32.998Z] <<< [apiv2][body] GET https://firebase-public.firebaseio.com/cli.json {"cloudBuildErrorAfter":1594252800000,"cloudBuildWarnAfter":1590019200000,"defaultNode10After":1594252800000,"minVersion":"3.0.5","node8DeploysDisabledAfter":1613390400000,"node8RuntimeDisabledAfter":1615809600000,"node8WarnAfter":1600128000000}
